<?xml version="1.0" encoding="UTF-8"?>
<!-- Generated by org.testng.reporters.JUnitReportReporter -->
<testsuite hostname="GGNUWT539642L" failures="0" tests="3" name="com.testCases.DataProviderA08" time="5.222" errors="0" timestamp="05 May 2022 13:53:44 GMT" skipped="0">
  <testcase classname="com.testCases.DataProviderA08" name="test" time="3.700"/>
  <testcase classname="com.testCases.DataProviderA08" name="test" time="0.820"/>
  <testcase classname="com.testCases.DataProviderA08" name="test" time="0.702"/>
</testsuite> <!-- com.testCases.DataProviderA08 -->
