<?xml version="1.0" encoding="UTF-8"?>
<!-- Generated by org.testng.reporters.JUnitReportReporter -->
<testsuite hostname="GGNUWT539642L" failures="0" tests="3" name="com.stepDefinition.DataProvider08" time="4.392" errors="0" timestamp="05 May 2022 13:01:35 GMT" skipped="0">
  <testcase classname="com.stepDefinition.DataProvider08" name="test" time="3.032"/>
  <testcase classname="com.stepDefinition.DataProvider08" name="test" time="0.705"/>
  <testcase classname="com.stepDefinition.DataProvider08" name="test" time="0.655"/>
</testsuite> <!-- com.stepDefinition.DataProvider08 -->
