<?xml version="1.0" encoding="UTF-8"?>
<!-- Generated by org.testng.reporters.JUnitReportReporter -->
<testsuite hostname="GGNUWT539642L" failures="0" tests="3" name="com.stepDefinition.DataProviderA08" time="9.314" errors="0" timestamp="05 May 2022 13:13:54 GMT" skipped="0">
  <testcase classname="com.stepDefinition.DataProviderA08" name="test" time="3.208"/>
  <testcase classname="com.stepDefinition.DataProviderA08" name="test" time="5.541"/>
  <testcase classname="com.stepDefinition.DataProviderA08" name="test" time="0.565"/>
</testsuite> <!-- com.stepDefinition.DataProviderA08 -->
