<?xml version="1.0" encoding="UTF-8"?>
<!-- Generated by org.testng.reporters.JUnitReportReporter -->
<testsuite hostname="GGNUWT539642L" failures="0" tests="3" name="com.testCases.DataProvider09" time="3.446" errors="0" timestamp="06 May 2022 04:37:51 GMT" skipped="0">
  <testcase classname="com.testCases.DataProvider09" name="test" time="2.280"/>
  <testcase classname="com.testCases.DataProvider09" name="test" time="0.619"/>
  <testcase classname="com.testCases.DataProvider09" name="test" time="0.547"/>
</testsuite> <!-- com.testCases.DataProvider09 -->
