<?xml version="1.0" encoding="UTF-8"?>
<!-- Generated by org.testng.reporters.JUnitReportReporter -->
<testsuite hostname="GGNUWT539642L" failures="0" tests="1" name="com.test.selenium.TestAssignment16" time="0.016" errors="0" timestamp="2022-05-06T16:39:40 IST" skipped="0">
  <testcase classname="com.test.selenium.TestAssignment16" name="f" time="0.016"/>
  <system-out/>
</testsuite> <!-- com.test.selenium.TestAssignment16 -->
