<?xml version="1.0" encoding="UTF-8"?>
<!-- Generated by org.testng.reporters.JUnitReportReporter -->
<testsuite hostname="GGNUWT539642L" failures="0" tests="1" name="com.test.selenium.TestAssignment12" time="9.419" errors="0" timestamp="2022-05-06T16:04:02 IST" skipped="0">
  <testcase classname="com.test.selenium.TestAssignment12" name="SignupGoogle" time="9.419"/>
  <system-out/>
</testsuite> <!-- com.test.selenium.TestAssignment12 -->
