<?xml version="1.0" encoding="UTF-8"?>
<!-- Generated by org.testng.reporters.JUnitReportReporter -->
<testsuite hostname="GGNUWT539642L" failures="0" tests="1" name="com.test.selenium.TestAssignment08" time="12.937" errors="0" timestamp="2022-05-06T16:31:29 IST" skipped="0">
  <testcase classname="com.test.selenium.TestAssignment08" name="BrokenLinks" time="12.937"/>
  <system-out/>
</testsuite> <!-- com.test.selenium.TestAssignment08 -->
