<?xml version="1.0" encoding="UTF-8"?>
<!-- Generated by org.testng.reporters.JUnitReportReporter -->
<testsuite hostname="GGNUWT539642L" failures="0" tests="1" name="com.test.selenium.TestAssignment06" time="4.369" errors="0" timestamp="2022-05-06T15:26:25 IST" skipped="0">
  <testcase classname="com.test.selenium.TestAssignment06" name="BrowserWindowSize" time="4.369"/>
  <system-out/>
</testsuite> <!-- com.test.selenium.TestAssignment06 -->
