<?xml version="1.0" encoding="UTF-8"?>
<!-- Generated by org.testng.reporters.JUnitReportReporter -->
<testsuite hostname="GGNUWT539642L" failures="0" tests="1" name="com.test.selenium.TestAssignment04" time="15.087" errors="0" timestamp="2022-05-09T12:09:32 IST" skipped="0">
  <testcase classname="com.test.selenium.TestAssignment04" name="GoogleSearch" time="15.087"/>
  <system-out/>
</testsuite> <!-- com.test.selenium.TestAssignment04 -->
