<?xml version="1.0" encoding="UTF-8"?>
<!-- Generated by org.testng.reporters.JUnitReportReporter -->
<testsuite hostname="GGNUWT539642L" failures="0" tests="1" name="com.test.selenium.TestAssignment07" time="25.470" errors="0" timestamp="2022-05-06T15:31:08 IST" skipped="0">
  <testcase classname="com.test.selenium.TestAssignment07" name="WithoutSendKeys" time="25.470"/>
  <system-out/>
</testsuite> <!-- com.test.selenium.TestAssignment07 -->
