<?xml version="1.0" encoding="UTF-8"?>
<!-- Generated by org.testng.reporters.JUnitReportReporter -->
<testsuite hostname="GGNUWT539642L" failures="0" tests="1" name="com.test.selenium.TestAssignment05" time="13.984" errors="0" timestamp="2022-05-06T15:02:03 IST" skipped="0">
  <testcase classname="com.test.selenium.TestAssignment05" name="ScrollWebpage" time="13.984"/>
  <system-out/>
</testsuite> <!-- com.test.selenium.TestAssignment05 -->
