<?xml version="1.0" encoding="UTF-8"?>
<!-- Generated by org.testng.reporters.JUnitReportReporter -->
<testsuite hostname="GGNUWT539642L" failures="0" tests="1" name="com.test.selenium.TestAssignment02" time="9.952" errors="0" timestamp="06 May 2022 08:26:05 GMT" skipped="0">
  <testcase classname="com.test.selenium.TestAssignment02" name="DragAndDrop" time="9.952"/>
</testsuite> <!-- com.test.selenium.TestAssignment02 -->
