<?xml version="1.0" encoding="UTF-8"?>
<!-- Generated by org.testng.reporters.JUnitReportReporter -->
<testsuite hostname="GGNUWT539642L" failures="0" tests="1" name="com.test.selenium.TestAssignment09" time="0.041" errors="0" timestamp="2022-05-06T15:36:24 IST" skipped="0">
  <testcase classname="com.test.selenium.TestAssignment09" name="ReadPropertiesFromProperyFile" time="0.041"/>
  <system-out/>
</testsuite> <!-- com.test.selenium.TestAssignment09 -->
