<?xml version="1.0" encoding="UTF-8"?>
<!-- Generated by org.testng.reporters.JUnitReportReporter -->
<testsuite hostname="GGNUWT539642L" failures="0" tests="1" name="com.test.selenium.TestAssignment01" time="25.317" errors="0" timestamp="06 May 2022 08:50:04 GMT" skipped="0">
  <testcase classname="com.test.selenium.TestAssignment01" name="Dropdown" time="25.317"/>
</testsuite> <!-- com.test.selenium.TestAssignment01 -->
