<?xml version="1.0" encoding="UTF-8"?>
<!-- Generated by org.testng.reporters.JUnitReportReporter -->
<testsuite hostname="GGNUWT539642L" failures="0" tests="1" name="com.test.selenium.Test01" time="21.514" errors="0" timestamp="06 May 2022 08:18:05 GMT" skipped="0">
  <testcase classname="com.test.selenium.Test01" name="Dropdown" time="21.514"/>
</testsuite> <!-- com.test.selenium.Test01 -->
