<?xml version="1.0" encoding="UTF-8"?>
<!-- Generated by org.testng.reporters.JUnitReportReporter -->
<testsuite hostname="GGNUWT539642L" failures="0" tests="1" name="com.test.selenium.TestAssignment15" time="13.396" errors="0" timestamp="2022-05-11T11:03:06 IST" skipped="0">
  <testcase classname="com.test.selenium.TestAssignment15" name="FileHandling" time="13.396"/>
  <system-out/>
</testsuite> <!-- com.test.selenium.TestAssignment15 -->
