<?xml version="1.0" encoding="UTF-8"?>
<!-- Generated by org.testng.reporters.JUnitReportReporter -->
<testsuite hostname="GGNUWT539642L" failures="0" tests="1" name="com.test.selenium.TestAssignment03" time="25.976" errors="0" timestamp="06 May 2022 08:40:02 GMT" skipped="0">
  <testcase classname="com.test.selenium.TestAssignment03" name="PopupHandling" time="25.976"/>
</testsuite> <!-- com.test.selenium.TestAssignment03 -->
